mode: atomic
github.com/iyhunko/microservices-with-sqs/internal/config/config.go:95.53,96.36 1 9
github.com/iyhunko/microservices-with-sqs/internal/config/config.go:96.36,97.18 1 19
github.com/iyhunko/microservices-with-sqs/internal/config/config.go:97.18,100.4 2 3
github.com/iyhunko/microservices-with-sqs/internal/config/config.go:102.2,102.12 1 6
github.com/iyhunko/microservices-with-sqs/internal/config/config.go:105.52,106.36 1 5
github.com/iyhunko/microservices-with-sqs/internal/config/config.go:106.36,108.17 2 13
github.com/iyhunko/microservices-with-sqs/internal/config/config.go:108.17,111.4 2 2
github.com/iyhunko/microservices-with-sqs/internal/config/config.go:113.2,113.12 1 3
github.com/iyhunko/microservices-with-sqs/internal/config/config.go:116.35,122.17 1 2
github.com/iyhunko/microservices-with-sqs/internal/config/config.go:122.17,124.3 1 0
github.com/iyhunko/microservices-with-sqs/internal/config/config.go:127.2,130.17 1 2
github.com/iyhunko/microservices-with-sqs/internal/config/config.go:130.17,132.3 1 0
github.com/iyhunko/microservices-with-sqs/internal/config/config.go:135.2,139.17 1 2
github.com/iyhunko/microservices-with-sqs/internal/config/config.go:139.17,141.3 1 0
github.com/iyhunko/microservices-with-sqs/internal/config/config.go:144.2,146.17 1 2
github.com/iyhunko/microservices-with-sqs/internal/config/config.go:146.17,148.3 1 1
github.com/iyhunko/microservices-with-sqs/internal/config/config.go:150.2,150.12 1 1
github.com/iyhunko/microservices-with-sqs/internal/config/config.go:153.56,154.64 1 6
github.com/iyhunko/microservices-with-sqs/internal/config/config.go:154.64,156.3 1 4
github.com/iyhunko/microservices-with-sqs/internal/config/config.go:157.2,157.21 1 2
github.com/iyhunko/microservices-with-sqs/internal/config/config.go:161.42,163.16 2 2
github.com/iyhunko/microservices-with-sqs/internal/config/config.go:163.16,165.3 1 2
github.com/iyhunko/microservices-with-sqs/internal/config/config.go:166.2,166.12 1 0
github.com/iyhunko/microservices-with-sqs/internal/config/config.go:170.37,172.19 2 2
github.com/iyhunko/microservices-with-sqs/internal/config/config.go:172.19,174.3 1 2
github.com/iyhunko/microservices-with-sqs/internal/config/config.go:175.2,176.16 2 2
github.com/iyhunko/microservices-with-sqs/internal/config/config.go:176.16,179.3 1 2
github.com/iyhunko/microservices-with-sqs/internal/config/config.go:181.2,203.40 2 2
github.com/iyhunko/microservices-with-sqs/internal/config/config.go:203.40,205.3 1 1
github.com/iyhunko/microservices-with-sqs/internal/config/config.go:206.2,206.18 1 1
github.com/iyhunko/microservices-with-sqs/internal/repository/paginator.go:31.36,34.2 2 1
github.com/iyhunko/microservices-with-sqs/internal/repository/paginator.go:37.63,39.16 2 3
github.com/iyhunko/microservices-with-sqs/internal/repository/paginator.go:39.16,41.3 1 1
github.com/iyhunko/microservices-with-sqs/internal/repository/paginator.go:42.2,45.43 4 2
github.com/iyhunko/microservices-with-sqs/internal/repository/paginator.go:45.43,47.3 1 1
github.com/iyhunko/microservices-with-sqs/internal/repository/paginator.go:49.2,50.16 2 1
github.com/iyhunko/microservices-with-sqs/internal/repository/paginator.go:50.16,52.3 1 0
github.com/iyhunko/microservices-with-sqs/internal/repository/paginator.go:53.2,54.16 2 1
github.com/iyhunko/microservices-with-sqs/internal/repository/paginator.go:54.16,56.3 1 0
github.com/iyhunko/microservices-with-sqs/internal/repository/paginator.go:58.2,61.8 1 1
github.com/iyhunko/microservices-with-sqs/internal/repository/query.go:42.24,46.2 1 0
github.com/iyhunko/microservices-with-sqs/internal/repository/query.go:49.59,52.2 2 0
github.com/iyhunko/microservices-with-sqs/internal/repository/query.go:55.66,57.15 2 0
github.com/iyhunko/microservices-with-sqs/internal/repository/query.go:57.15,59.3 1 0
github.com/iyhunko/microservices-with-sqs/internal/repository/query.go:60.2,62.17 2 0
github.com/iyhunko/microservices-with-sqs/internal/repository/query.go:62.17,64.3 1 0
github.com/iyhunko/microservices-with-sqs/internal/repository/query.go:66.2,67.16 2 0
github.com/iyhunko/microservices-with-sqs/internal/repository/query.go:67.16,70.3 2 0
github.com/iyhunko/microservices-with-sqs/internal/repository/query.go:71.2,72.12 2 0
github.com/iyhunko/microservices-with-sqs/internal/repository/repository.go:35.48,37.2 1 0
github.com/iyhunko/microservices-with-sqs/internal/repository/sql/event_repository.go:23.54,25.2 1 8
github.com/iyhunko/microservices-with-sqs/internal/repository/sql/event_repository.go:28.72,30.2 1 0
github.com/iyhunko/microservices-with-sqs/internal/repository/sql/event_repository.go:33.52,34.18 1 11
github.com/iyhunko/microservices-with-sqs/internal/repository/sql/event_repository.go:34.18,36.3 1 1
github.com/iyhunko/microservices-with-sqs/internal/repository/sql/event_repository.go:37.2,37.13 1 10
github.com/iyhunko/microservices-with-sqs/internal/repository/sql/event_repository.go:41.115,43.16 2 2
github.com/iyhunko/microservices-with-sqs/internal/repository/sql/event_repository.go:43.16,45.3 1 0
github.com/iyhunko/microservices-with-sqs/internal/repository/sql/event_repository.go:48.2,54.35 2 2
github.com/iyhunko/microservices-with-sqs/internal/repository/sql/event_repository.go:54.35,55.43 1 1
github.com/iyhunko/microservices-with-sqs/internal/repository/sql/event_repository.go:55.43,57.4 1 0
github.com/iyhunko/microservices-with-sqs/internal/repository/sql/event_repository.go:58.3,58.13 1 1
github.com/iyhunko/microservices-with-sqs/internal/repository/sql/event_repository.go:62.2,62.36 1 1
github.com/iyhunko/microservices-with-sqs/internal/repository/sql/event_repository.go:62.36,64.3 1 0
github.com/iyhunko/microservices-with-sqs/internal/repository/sql/event_repository.go:66.2,66.12 1 1
github.com/iyhunko/microservices-with-sqs/internal/repository/sql/event_repository.go:70.114,72.9 2 2
github.com/iyhunko/microservices-with-sqs/internal/repository/sql/event_repository.go:72.9,74.3 1 0
github.com/iyhunko/microservices-with-sqs/internal/repository/sql/event_repository.go:76.2,83.16 5 2
github.com/iyhunko/microservices-with-sqs/internal/repository/sql/event_repository.go:83.16,85.3 1 0
github.com/iyhunko/microservices-with-sqs/internal/repository/sql/event_repository.go:86.2,89.16 3 2
github.com/iyhunko/microservices-with-sqs/internal/repository/sql/event_repository.go:89.16,91.3 1 0
github.com/iyhunko/microservices-with-sqs/internal/repository/sql/event_repository.go:93.2,93.19 1 2
github.com/iyhunko/microservices-with-sqs/internal/repository/sql/event_repository.go:97.108,105.60 5 2
github.com/iyhunko/microservices-with-sqs/internal/repository/sql/event_repository.go:105.60,109.3 3 1
github.com/iyhunko/microservices-with-sqs/internal/repository/sql/event_repository.go:112.2,112.28 1 2
github.com/iyhunko/microservices-with-sqs/internal/repository/sql/event_repository.go:112.28,116.3 3 0
github.com/iyhunko/microservices-with-sqs/internal/repository/sql/event_repository.go:119.2,123.16 3 2
github.com/iyhunko/microservices-with-sqs/internal/repository/sql/event_repository.go:123.16,125.3 1 2
github.com/iyhunko/microservices-with-sqs/internal/repository/sql/event_repository.go:126.2,131.16 5 2
github.com/iyhunko/microservices-with-sqs/internal/repository/sql/event_repository.go:131.16,133.3 1 0
github.com/iyhunko/microservices-with-sqs/internal/repository/sql/event_repository.go:134.2,137.16 3 2
github.com/iyhunko/microservices-with-sqs/internal/repository/sql/event_repository.go:137.16,139.3 1 0
github.com/iyhunko/microservices-with-sqs/internal/repository/sql/event_repository.go:140.2,143.18 3 2
github.com/iyhunko/microservices-with-sqs/internal/repository/sql/event_repository.go:143.18,146.17 3 3
github.com/iyhunko/microservices-with-sqs/internal/repository/sql/event_repository.go:146.17,148.4 1 0
github.com/iyhunko/microservices-with-sqs/internal/repository/sql/event_repository.go:149.3,149.34 1 3
github.com/iyhunko/microservices-with-sqs/internal/repository/sql/event_repository.go:152.2,152.34 1 2
github.com/iyhunko/microservices-with-sqs/internal/repository/sql/event_repository.go:152.34,154.3 1 0
github.com/iyhunko/microservices-with-sqs/internal/repository/sql/event_repository.go:156.2,156.20 1 2
github.com/iyhunko/microservices-with-sqs/internal/repository/sql/event_repository.go:160.100,165.16 4 2
github.com/iyhunko/microservices-with-sqs/internal/repository/sql/event_repository.go:165.16,167.3 1 0
github.com/iyhunko/microservices-with-sqs/internal/repository/sql/event_repository.go:168.2,174.16 4 2
github.com/iyhunko/microservices-with-sqs/internal/repository/sql/event_repository.go:174.16,175.27 1 1
github.com/iyhunko/microservices-with-sqs/internal/repository/sql/event_repository.go:175.27,177.4 1 1
github.com/iyhunko/microservices-with-sqs/internal/repository/sql/event_repository.go:178.3,178.59 1 0
github.com/iyhunko/microservices-with-sqs/internal/repository/sql/event_repository.go:181.2,181.21 1 1
github.com/iyhunko/microservices-with-sqs/internal/repository/sql/event_repository.go:185.79,190.16 4 2
github.com/iyhunko/microservices-with-sqs/internal/repository/sql/event_repository.go:190.16,192.3 1 0
github.com/iyhunko/microservices-with-sqs/internal/repository/sql/event_repository.go:193.2,196.16 3 2
github.com/iyhunko/microservices-with-sqs/internal/repository/sql/event_repository.go:196.16,198.3 1 0
github.com/iyhunko/microservices-with-sqs/internal/repository/sql/event_repository.go:200.2,201.16 2 2
github.com/iyhunko/microservices-with-sqs/internal/repository/sql/event_repository.go:201.16,203.3 1 0
github.com/iyhunko/microservices-with-sqs/internal/repository/sql/event_repository.go:205.2,205.23 1 2
github.com/iyhunko/microservices-with-sqs/internal/repository/sql/event_repository.go:205.23,207.3 1 1
github.com/iyhunko/microservices-with-sqs/internal/repository/sql/event_repository.go:209.2,209.12 1 1
github.com/iyhunko/microservices-with-sqs/internal/repository/sql/event_repository.go:213.107,218.16 4 3
github.com/iyhunko/microservices-with-sqs/internal/repository/sql/event_repository.go:218.16,220.3 1 0
github.com/iyhunko/microservices-with-sqs/internal/repository/sql/event_repository.go:221.2,224.79 3 3
github.com/iyhunko/microservices-with-sqs/internal/repository/sql/event_repository.go:224.79,227.3 2 3
github.com/iyhunko/microservices-with-sqs/internal/repository/sql/event_repository.go:229.2,230.16 2 3
github.com/iyhunko/microservices-with-sqs/internal/repository/sql/event_repository.go:230.16,232.3 1 0
github.com/iyhunko/microservices-with-sqs/internal/repository/sql/event_repository.go:234.2,235.16 2 3
github.com/iyhunko/microservices-with-sqs/internal/repository/sql/event_repository.go:235.16,237.3 1 0
github.com/iyhunko/microservices-with-sqs/internal/repository/sql/event_repository.go:239.2,239.23 1 3
github.com/iyhunko/microservices-with-sqs/internal/repository/sql/event_repository.go:239.23,241.3 1 1
github.com/iyhunko/microservices-with-sqs/internal/repository/sql/event_repository.go:243.2,243.12 1 2
github.com/iyhunko/microservices-with-sqs/internal/repository/sql/pgsql.go:20.70,22.16 2 0
github.com/iyhunko/microservices-with-sqs/internal/repository/sql/pgsql.go:22.16,25.3 2 0
github.com/iyhunko/microservices-with-sqs/internal/repository/sql/pgsql.go:26.2,27.44 2 0
github.com/iyhunko/microservices-with-sqs/internal/repository/sql/pgsql.go:27.44,30.3 2 0
github.com/iyhunko/microservices-with-sqs/internal/repository/sql/pgsql.go:31.2,32.19 2 0
github.com/iyhunko/microservices-with-sqs/internal/repository/sql/pgsql.go:35.57,39.16 4 0
github.com/iyhunko/microservices-with-sqs/internal/repository/sql/pgsql.go:39.16,41.3 1 0
github.com/iyhunko/microservices-with-sqs/internal/repository/sql/pgsql.go:44.2,44.34 1 0
github.com/iyhunko/microservices-with-sqs/internal/repository/sql/pgsql.go:44.34,46.3 1 0
github.com/iyhunko/microservices-with-sqs/internal/repository/sql/pgsql.go:48.2,48.16 1 0
github.com/iyhunko/microservices-with-sqs/internal/repository/sql/pgsql.go:51.38,53.16 2 0
github.com/iyhunko/microservices-with-sqs/internal/repository/sql/pgsql.go:53.16,55.3 1 0
github.com/iyhunko/microservices-with-sqs/internal/repository/sql/pgsql.go:57.2,60.16 2 0
github.com/iyhunko/microservices-with-sqs/internal/repository/sql/pgsql.go:60.16,62.3 1 0
github.com/iyhunko/microservices-with-sqs/internal/repository/sql/pgsql.go:64.2,64.61 1 0
github.com/iyhunko/microservices-with-sqs/internal/repository/sql/pgsql.go:64.61,66.3 1 0
github.com/iyhunko/microservices-with-sqs/internal/repository/sql/pgsql.go:68.2,68.12 1 0
github.com/iyhunko/microservices-with-sqs/internal/repository/sql/product_repository.go:22.58,24.2 1 7
github.com/iyhunko/microservices-with-sqs/internal/repository/sql/product_repository.go:27.76,29.2 1 0
github.com/iyhunko/microservices-with-sqs/internal/repository/sql/product_repository.go:32.54,33.18 1 11
github.com/iyhunko/microservices-with-sqs/internal/repository/sql/product_repository.go:33.18,35.3 1 4
github.com/iyhunko/microservices-with-sqs/internal/repository/sql/product_repository.go:36.2,36.13 1 7
github.com/iyhunko/microservices-with-sqs/internal/repository/sql/product_repository.go:40.117,42.16 2 3
github.com/iyhunko/microservices-with-sqs/internal/repository/sql/product_repository.go:42.16,44.3 1 0
github.com/iyhunko/microservices-with-sqs/internal/repository/sql/product_repository.go:47.2,53.35 2 3
github.com/iyhunko/microservices-with-sqs/internal/repository/sql/product_repository.go:53.35,54.43 1 1
github.com/iyhunko/microservices-with-sqs/internal/repository/sql/product_repository.go:54.43,56.4 1 0
github.com/iyhunko/microservices-with-sqs/internal/repository/sql/product_repository.go:57.3,57.13 1 1
github.com/iyhunko/microservices-with-sqs/internal/repository/sql/product_repository.go:61.2,61.36 1 2
github.com/iyhunko/microservices-with-sqs/internal/repository/sql/product_repository.go:61.36,63.3 1 0
github.com/iyhunko/microservices-with-sqs/internal/repository/sql/product_repository.go:65.2,65.12 1 2
github.com/iyhunko/microservices-with-sqs/internal/repository/sql/product_repository.go:69.116,71.9 2 5
github.com/iyhunko/microservices-with-sqs/internal/repository/sql/product_repository.go:71.9,73.3 1 0
github.com/iyhunko/microservices-with-sqs/internal/repository/sql/product_repository.go:75.2,82.16 5 5
github.com/iyhunko/microservices-with-sqs/internal/repository/sql/product_repository.go:82.16,84.3 1 0
github.com/iyhunko/microservices-with-sqs/internal/repository/sql/product_repository.go:85.2,88.16 3 5
github.com/iyhunko/microservices-with-sqs/internal/repository/sql/product_repository.go:88.16,90.3 1 1
github.com/iyhunko/microservices-with-sqs/internal/repository/sql/product_repository.go:92.2,92.21 1 4
github.com/iyhunko/microservices-with-sqs/internal/repository/sql/product_repository.go:96.110,104.28 5 2
github.com/iyhunko/microservices-with-sqs/internal/repository/sql/product_repository.go:104.28,108.3 3 1
github.com/iyhunko/microservices-with-sqs/internal/repository/sql/product_repository.go:111.2,115.16 3 2
github.com/iyhunko/microservices-with-sqs/internal/repository/sql/product_repository.go:115.16,117.3 1 0
github.com/iyhunko/microservices-with-sqs/internal/repository/sql/product_repository.go:118.2,123.16 5 2
github.com/iyhunko/microservices-with-sqs/internal/repository/sql/product_repository.go:123.16,125.3 1 0
github.com/iyhunko/microservices-with-sqs/internal/repository/sql/product_repository.go:126.2,129.16 3 2
github.com/iyhunko/microservices-with-sqs/internal/repository/sql/product_repository.go:129.16,131.3 1 0
github.com/iyhunko/microservices-with-sqs/internal/repository/sql/product_repository.go:132.2,135.18 3 2
github.com/iyhunko/microservices-with-sqs/internal/repository/sql/product_repository.go:135.18,138.17 3 3
github.com/iyhunko/microservices-with-sqs/internal/repository/sql/product_repository.go:138.17,140.4 1 0
github.com/iyhunko/microservices-with-sqs/internal/repository/sql/product_repository.go:141.3,141.40 1 3
github.com/iyhunko/microservices-with-sqs/internal/repository/sql/product_repository.go:144.2,144.34 1 2
github.com/iyhunko/microservices-with-sqs/internal/repository/sql/product_repository.go:144.34,146.3 1 0
github.com/iyhunko/microservices-with-sqs/internal/repository/sql/product_repository.go:148.2,148.22 1 2
github.com/iyhunko/microservices-with-sqs/internal/repository/sql/product_repository.go:152.102,157.16 4 2
github.com/iyhunko/microservices-with-sqs/internal/repository/sql/product_repository.go:157.16,159.3 1 0
github.com/iyhunko/microservices-with-sqs/internal/repository/sql/product_repository.go:160.2,166.16 4 2
github.com/iyhunko/microservices-with-sqs/internal/repository/sql/product_repository.go:166.16,167.27 1 1
github.com/iyhunko/microservices-with-sqs/internal/repository/sql/product_repository.go:167.27,169.4 1 1
github.com/iyhunko/microservices-with-sqs/internal/repository/sql/product_repository.go:170.3,170.61 1 0
github.com/iyhunko/microservices-with-sqs/internal/repository/sql/product_repository.go:173.2,173.21 1 1
github.com/iyhunko/microservices-with-sqs/internal/repository/sql/product_repository.go:177.81,182.16 4 2
github.com/iyhunko/microservices-with-sqs/internal/repository/sql/product_repository.go:182.16,184.3 1 0
github.com/iyhunko/microservices-with-sqs/internal/repository/sql/product_repository.go:185.2,188.16 3 2
github.com/iyhunko/microservices-with-sqs/internal/repository/sql/product_repository.go:188.16,190.3 1 0
github.com/iyhunko/microservices-with-sqs/internal/repository/sql/product_repository.go:192.2,193.16 2 2
github.com/iyhunko/microservices-with-sqs/internal/repository/sql/product_repository.go:193.16,195.3 1 0
github.com/iyhunko/microservices-with-sqs/internal/repository/sql/product_repository.go:197.2,197.23 1 2
github.com/iyhunko/microservices-with-sqs/internal/repository/sql/product_repository.go:197.23,199.3 1 1
github.com/iyhunko/microservices-with-sqs/internal/repository/sql/product_repository.go:201.2,201.12 1 1
github.com/iyhunko/microservices-with-sqs/internal/repository/sql/user_repository.go:23.58,25.2 1 4
github.com/iyhunko/microservices-with-sqs/internal/repository/sql/user_repository.go:28.51,29.18 1 8
github.com/iyhunko/microservices-with-sqs/internal/repository/sql/user_repository.go:29.18,31.3 1 0
github.com/iyhunko/microservices-with-sqs/internal/repository/sql/user_repository.go:32.2,32.13 1 8
github.com/iyhunko/microservices-with-sqs/internal/repository/sql/user_repository.go:36.114,38.16 2 0
github.com/iyhunko/microservices-with-sqs/internal/repository/sql/user_repository.go:38.16,40.3 1 0
github.com/iyhunko/microservices-with-sqs/internal/repository/sql/user_repository.go:43.2,49.35 2 0
github.com/iyhunko/microservices-with-sqs/internal/repository/sql/user_repository.go:49.35,50.43 1 0
github.com/iyhunko/microservices-with-sqs/internal/repository/sql/user_repository.go:50.43,52.4 1 0
github.com/iyhunko/microservices-with-sqs/internal/repository/sql/user_repository.go:53.3,53.13 1 0
github.com/iyhunko/microservices-with-sqs/internal/repository/sql/user_repository.go:57.2,57.36 1 0
github.com/iyhunko/microservices-with-sqs/internal/repository/sql/user_repository.go:57.36,59.3 1 0
github.com/iyhunko/microservices-with-sqs/internal/repository/sql/user_repository.go:61.2,61.12 1 0
github.com/iyhunko/microservices-with-sqs/internal/repository/sql/user_repository.go:65.113,67.9 2 2
github.com/iyhunko/microservices-with-sqs/internal/repository/sql/user_repository.go:67.9,69.3 1 0
github.com/iyhunko/microservices-with-sqs/internal/repository/sql/user_repository.go:71.2,78.16 5 2
github.com/iyhunko/microservices-with-sqs/internal/repository/sql/user_repository.go:78.16,80.3 1 0
github.com/iyhunko/microservices-with-sqs/internal/repository/sql/user_repository.go:81.2,84.16 3 2
github.com/iyhunko/microservices-with-sqs/internal/repository/sql/user_repository.go:84.16,85.81 1 1
github.com/iyhunko/microservices-with-sqs/internal/repository/sql/user_repository.go:85.81,87.4 1 1
github.com/iyhunko/microservices-with-sqs/internal/repository/sql/user_repository.go:88.3,88.59 1 0
github.com/iyhunko/microservices-with-sqs/internal/repository/sql/user_repository.go:91.2,91.18 1 1
github.com/iyhunko/microservices-with-sqs/internal/repository/sql/user_repository.go:95.107,103.41 5 2
github.com/iyhunko/microservices-with-sqs/internal/repository/sql/user_repository.go:103.41,104.16 1 1
github.com/iyhunko/microservices-with-sqs/internal/repository/sql/user_repository.go:105.27,108.18 3 0
github.com/iyhunko/microservices-with-sqs/internal/repository/sql/user_repository.go:108.18,110.5 1 0
github.com/iyhunko/microservices-with-sqs/internal/repository/sql/user_repository.go:111.4,112.14 2 0
github.com/iyhunko/microservices-with-sqs/internal/repository/sql/user_repository.go:113.29,116.14 3 0
github.com/iyhunko/microservices-with-sqs/internal/repository/sql/user_repository.go:117.26,120.14 3 1
github.com/iyhunko/microservices-with-sqs/internal/repository/sql/user_repository.go:125.2,125.28 1 2
github.com/iyhunko/microservices-with-sqs/internal/repository/sql/user_repository.go:125.28,129.3 3 0
github.com/iyhunko/microservices-with-sqs/internal/repository/sql/user_repository.go:132.2,136.16 3 2
github.com/iyhunko/microservices-with-sqs/internal/repository/sql/user_repository.go:136.16,138.3 1 0
github.com/iyhunko/microservices-with-sqs/internal/repository/sql/user_repository.go:139.2,144.16 5 2
github.com/iyhunko/microservices-with-sqs/internal/repository/sql/user_repository.go:144.16,146.3 1 0
github.com/iyhunko/microservices-with-sqs/internal/repository/sql/user_repository.go:147.2,150.16 3 2
github.com/iyhunko/microservices-with-sqs/internal/repository/sql/user_repository.go:150.16,152.3 1 0
github.com/iyhunko/microservices-with-sqs/internal/repository/sql/user_repository.go:153.2,156.18 3 2
github.com/iyhunko/microservices-with-sqs/internal/repository/sql/user_repository.go:156.18,159.17 3 3
github.com/iyhunko/microservices-with-sqs/internal/repository/sql/user_repository.go:159.17,161.4 1 0
github.com/iyhunko/microservices-with-sqs/internal/repository/sql/user_repository.go:162.3,162.31 1 3
github.com/iyhunko/microservices-with-sqs/internal/repository/sql/user_repository.go:165.2,165.34 1 2
github.com/iyhunko/microservices-with-sqs/internal/repository/sql/user_repository.go:165.34,167.3 1 0
github.com/iyhunko/microservices-with-sqs/internal/repository/sql/user_repository.go:169.2,169.19 1 2
github.com/iyhunko/microservices-with-sqs/internal/repository/sql/user_repository.go:173.99,178.16 4 2
github.com/iyhunko/microservices-with-sqs/internal/repository/sql/user_repository.go:178.16,180.3 1 0
github.com/iyhunko/microservices-with-sqs/internal/repository/sql/user_repository.go:181.2,188.16 4 2
github.com/iyhunko/microservices-with-sqs/internal/repository/sql/user_repository.go:188.16,189.27 1 1
github.com/iyhunko/microservices-with-sqs/internal/repository/sql/user_repository.go:189.27,191.4 1 1
github.com/iyhunko/microservices-with-sqs/internal/repository/sql/user_repository.go:192.3,192.58 1 0
github.com/iyhunko/microservices-with-sqs/internal/repository/sql/user_repository.go:195.2,195.21 1 1
github.com/iyhunko/microservices-with-sqs/internal/repository/sql/user_repository.go:199.78,204.16 4 2
github.com/iyhunko/microservices-with-sqs/internal/repository/sql/user_repository.go:204.16,206.3 1 0
github.com/iyhunko/microservices-with-sqs/internal/repository/sql/user_repository.go:207.2,210.16 3 2
github.com/iyhunko/microservices-with-sqs/internal/repository/sql/user_repository.go:210.16,212.3 1 0
github.com/iyhunko/microservices-with-sqs/internal/repository/sql/user_repository.go:214.2,215.16 2 2
github.com/iyhunko/microservices-with-sqs/internal/repository/sql/user_repository.go:215.16,217.3 1 0
github.com/iyhunko/microservices-with-sqs/internal/repository/sql/user_repository.go:219.2,219.23 1 2
github.com/iyhunko/microservices-with-sqs/internal/repository/sql/user_repository.go:219.23,221.3 1 1
github.com/iyhunko/microservices-with-sqs/internal/repository/sql/user_repository.go:223.2,223.12 1 1
